This file contains any messages produced by compilers while
running configure, to aid debugging if configure makes a mistake.

It was created by rocket-rocc-examples configure 0.1, which was
generated by GNU Autoconf 2.71.  Invocation command line was

  $ ../configure

## --------- ##
## Platform. ##
## --------- ##

hostname = dork
uname -m = x86_64
uname -r = 5.4.0-200-generic
uname -s = Linux
uname -v = #220-Ubuntu SMP Fri Sep 27 13:19:16 UTC 2024

/usr/bin/uname -p = x86_64
/bin/uname -X     = unknown

/bin/arch              = x86_64
/usr/bin/arch -k       = unknown
/usr/convex/getsysinfo = unknown
/usr/bin/hostinfo      = unknown
/bin/machine           = unknown
/usr/bin/oslevel       = unknown
/bin/universe          = unknown

PATH: /scratch/seah/chipyard-supernova/sims/firesim/utils/fireperf/
PATH: /scratch/seah/chipyard-supernova/sims/firesim/utils/fireperf/FlameGraph/
PATH: /scratch/seah/chipyard-supernova/software/firemarshal/
PATH: /scratch/seah/chipyard-supernova/.conda-env/riscv-tools/bin/
PATH: /home/eecs/kimsea8209/bin/
PATH: /ecad/tools/xilinx/Vitis_HLS/2023.1/bin/
PATH: /ecad/tools/xilinx/Model_Composer/2023.1/bin/
PATH: /ecad/tools/xilinx/Vitis/2023.1/bin/
PATH: /ecad/tools/xilinx/Vitis/2023.1/gnu/microblaze/lin/bin/
PATH: /ecad/tools/xilinx/Vitis/2023.1/gnu/arm/lin/bin/
PATH: /ecad/tools/xilinx/Vitis/2023.1/gnu/microblaze/linux_toolchain/lin64_le/bin/
PATH: /ecad/tools/xilinx/Vitis/2023.1/gnu/aarch32/lin/gcc-arm-linux-gnueabi/bin/
PATH: /ecad/tools/xilinx/Vitis/2023.1/gnu/aarch32/lin/gcc-arm-none-eabi/bin/
PATH: /ecad/tools/xilinx/Vitis/2023.1/gnu/aarch64/lin/aarch64-linux/bin/
PATH: /ecad/tools/xilinx/Vitis/2023.1/gnu/aarch64/lin/aarch64-none/bin/
PATH: /ecad/tools/xilinx/Vitis/2023.1/gnu/armr5/lin/gcc-arm-none-eabi/bin/
PATH: /ecad/tools/xilinx/Vitis/2023.1/tps/lnx64/cmake-3.3.2/bin/
PATH: /ecad/tools/xilinx/Vitis/2023.1/aietools/bin/
PATH: /ecad/tools/xilinx/Vivado/2023.1/bin/
PATH: /ecad/tools/xilinx/DocNav/
PATH: /scratch/seah/chipyard-supernova/.conda-env/bin/
PATH: /nscratch/seah/miniforge3/condabin/
PATH: /usr/local/sbin/
PATH: /usr/local/bin/
PATH: /usr/sbin/
PATH: /usr/bin/
PATH: /sbin/
PATH: /bin/
PATH: /usr/games/
PATH: /usr/local/games/
PATH: /snap/bin/
PATH: /usr/local/bin/
PATH: /ecad/tools/scripts/
PATH: /ecad/tools/synopsys/installer/current/
PATH: /ecad/tools/synopsys/vcs/current/bin/
PATH: /ecad/tools/synopsys/syn/current/bin/
PATH: /ecad/tools/synopsys/icc/current/bin/
PATH: /ecad/tools/synopsys/mw/current/bin/AMD.64/
PATH: /ecad/tools/synopsys/starrc/current/bin/
PATH: /ecad/tools/synopsys/rail/current/bin/IA.32/
PATH: /ecad/tools/synopsys/pts/current/bin/
PATH: /ecad/tools/synopsys/astro/current/bin/IA.32/
PATH: /ecad/tools/synopsys/cadabra/current/bin/
PATH: /ecad/tools/synopsys/fm/current/bin/
PATH: /ecad/tools/mentor/calibre/current/bin/
PATH: /ecad/tools/synopsys/verdi/current/bin/
PATH: /ecad/tools/cadence/XCELIUM/current/tools/bin/64bit/
PATH: /ecad/tools/cadence/XCELIUM/current/tools/bin/
PATH: /bin/
PATH: /scratch/seah/chipyard-supernova/sims/firesim/deploy/


## ----------- ##
## Core tests. ##
## ----------- ##

configure:2160: checking for gcc
configure:2181: found /scratch/seah/chipyard-supernova/.conda-env/bin/gcc
configure:2192: result: gcc
configure:2204: WARNING: using cross tools not prefixed with host triplet
configure:2545: checking for C compiler version
configure:2554: gcc --version >&5
gcc (conda-forge gcc 13.2.0-13) 13.2.0
Copyright (C) 2023 Free Software Foundation, Inc.
This is free software; see the source for copying conditions.  There is NO
warranty; not even for MERCHANTABILITY or FITNESS FOR A PARTICULAR PURPOSE.

configure:2565: $? = 0
configure:2554: gcc -v >&5
Reading specs from /scratch/seah/chipyard-supernova/.conda-env/bin/../lib/gcc/x86_64-conda-linux-gnu/13.2.0/specs
Reading specs from /scratch/seah/chipyard-supernova/.conda-env/bin/../lib/gcc/x86_64-conda-linux-gnu/13.2.0/conda.specs
COLLECT_GCC=gcc
COLLECT_LTO_WRAPPER=/scratch/seah/chipyard-supernova/.conda-env/bin/../libexec/gcc/x86_64-conda-linux-gnu/13.2.0/lto-wrapper
Target: x86_64-conda-linux-gnu
Configured with: ../configure --prefix=/home/conda/feedstock_root/build_artifacts/gcc_compilers_1719176880480/_h_env_placehold_placehold_placehold_placehold_placehold_placehold_placehold_placehold_placehold_placehold_placehold_placehold_placehold_placehold_placehold_placehold_placehold_placeho --with-slibdir=/home/conda/feedstock_root/build_artifacts/gcc_compilers_1719176880480/_h_env_placehold_placehold_placehold_placehold_placehold_placehold_placehold_placehold_placehold_placehold_placehold_placehold_placehold_placehold_placehold_placehold_placehold_placeho/lib --libdir=/home/conda/feedstock_root/build_artifacts/gcc_compilers_1719176880480/_h_env_placehold_placehold_placehold_placehold_placehold_placehold_placehold_placehold_placehold_placehold_placehold_placehold_placehold_placehold_placehold_placehold_placehold_placeho/lib --mandir=/home/conda/feedstock_root/build_artifacts/gcc_compilers_1719176880480/_h_env_placehold_placehold_placehold_placehold_placehold_placehold_placehold_placehold_placehold_placehold_placehold_placehold_placehold_placehold_placehold_placehold_placehold_placeho/man --build=x86_64-conda-linux-gnu --host=x86_64-conda-linux-gnu --target=x86_64-conda-linux-gnu --enable-languages=c,c++,fortran,objc,obj-c++ --enable-__cxa_atexit --disable-libmudflap --enable-libgomp --disable-libssp --enable-libquadmath --enable-libquadmath-support --enable-lto --enable-target-optspace --enable-plugin --enable-gold --disable-nls --disable-bootstrap --disable-multilib --enable-long-long --with-sysroot=/home/conda/feedstock_root/build_artifacts/gcc_compilers_1719176880480/_h_env_placehold_placehold_placehold_placehold_placehold_placehold_placehold_placehold_placehold_placehold_placehold_placehold_placehold_placehold_placehold_placehold_placehold_placeho/x86_64-conda-linux-gnu/sysroot --with-build-sysroot=/home/conda/feedstock_root/build_artifacts/gcc_compilers_1719176880480/work/cf-compilers/x86_64-conda-linux-gnu/sysroot --with-native-system-header-dir=/usr/include --with-gxx-include-dir=/home/conda/feedstock_root/build_artifacts/gcc_compilers_1719176880480/_h_env_placehold_placehold_placehold_placehold_placehold_placehold_placehold_placehold_placehold_placehold_placehold_placehold_placehold_placehold_placehold_placehold_placehold_placeho/lib/gcc/x86_64-conda-linux-gnu/13.2.0/include/c++ --with-pkgversion='conda-forge gcc 13.2.0-13' --with-bugurl=https://github.com/conda-forge/ctng-compilers-feedstock/issues/new/choose --enable-libsanitizer --enable-default-pie --enable-threads=posix
Thread model: posix
Supported LTO compression algorithms: zlib
gcc version 13.2.0 (conda-forge gcc 13.2.0-13) 
configure:2565: $? = 0
configure:2554: gcc -V >&5
gcc: error: unrecognized command-line option '-V'
gcc: fatal error: no input files
compilation terminated.
configure:2565: $? = 1
configure:2554: gcc -qversion >&5
gcc: error: unrecognized command-line option '-qversion'; did you mean '--version'?
gcc: fatal error: no input files
compilation terminated.
configure:2565: $? = 1
configure:2554: gcc -version >&5
gcc: error: unrecognized command-line option '-version'
gcc: fatal error: no input files
compilation terminated.
configure:2565: $? = 1
configure:2585: checking whether the C compiler works
configure:2607: gcc    conftest.c  >&5
configure:2611: $? = 0
configure:2661: result: yes
configure:2664: checking for C compiler default output file name
configure:2666: result: a.out
configure:2672: checking for suffix of executables
configure:2679: gcc -o conftest    conftest.c  >&5
configure:2683: $? = 0
configure:2706: result: 
configure:2728: checking whether we are cross compiling
configure:2766: result: yes
configure:2771: checking for suffix of object files
configure:2794: gcc -c   conftest.c >&5
configure:2798: $? = 0
configure:2820: result: o
configure:2824: checking whether the compiler supports GNU C
configure:2844: gcc -c   conftest.c >&5
configure:2844: $? = 0
configure:2854: result: yes
configure:2865: checking whether gcc accepts -g
configure:2886: gcc -c -g  conftest.c >&5
configure:2886: $? = 0
configure:2930: result: yes
configure:2950: checking for gcc option to enable C11 features
configure:2965: gcc  -c -g -O2  conftest.c >&5
configure:2965: $? = 0
configure:2983: result: none needed
configure:3251: creating ./config.status

## ---------------------- ##
## Running config.status. ##
## ---------------------- ##

This file was extended by rocket-rocc-examples config.status 0.1, which was
generated by GNU Autoconf 2.71.  Invocation command line was

  CONFIG_FILES    = 
  CONFIG_HEADERS  = 
  CONFIG_LINKS    = 
  CONFIG_COMMANDS = 
  $ ./config.status 

on dork

config.status:710: creating Makefile

## ---------------- ##
## Cache variables. ##
## ---------------- ##

ac_cv_c_compiler_gnu=yes
ac_cv_env_CC_set=
ac_cv_env_CC_value=
ac_cv_env_CFLAGS_set=
ac_cv_env_CFLAGS_value=
ac_cv_env_CPPFLAGS_set=
ac_cv_env_CPPFLAGS_value=
ac_cv_env_LDFLAGS_set=
ac_cv_env_LDFLAGS_value=
ac_cv_env_LIBS_set=
ac_cv_env_LIBS_value=
ac_cv_env_build_alias_set=
ac_cv_env_build_alias_value=
ac_cv_env_host_alias_set=
ac_cv_env_host_alias_value=
ac_cv_env_target_alias_set=
ac_cv_env_target_alias_value=
ac_cv_objext=o
ac_cv_prog_ac_ct_CC=gcc
ac_cv_prog_cc_c11=
ac_cv_prog_cc_g=yes
ac_cv_prog_cc_stdc=

## ----------------- ##
## Output variables. ##
## ----------------- ##

CC='gcc'
CFLAGS='-g -O2'
CPPFLAGS=''
DEFS='-DPACKAGE_NAME=\"rocket-rocc-examples\" -DPACKAGE_TARNAME=\"rocket-rocc-examples\" -DPACKAGE_VERSION=\"0.1\" -DPACKAGE_STRING=\"rocket-rocc-examples\ 0.1\" -DPACKAGE_BUGREPORT=\"schuyler.eldridge@gmail.com\" -DPACKAGE_URL=\"\"'
ECHO_C=''
ECHO_N='-n'
ECHO_T=''
EXEEXT=''
LDFLAGS=''
LIBOBJS=''
LIBS=''
LTLIBOBJS=''
OBJEXT='o'
PACKAGE_BUGREPORT='schuyler.eldridge@gmail.com'
PACKAGE_NAME='rocket-rocc-examples'
PACKAGE_STRING='rocket-rocc-examples 0.1'
PACKAGE_TARNAME='rocket-rocc-examples'
PACKAGE_URL=''
PACKAGE_VERSION='0.1'
PATH_SEPARATOR=':'
SHELL='/bin/sh'
XLEN='64'
ac_ct_CC='gcc'
bindir='${exec_prefix}/bin'
build_alias=''
datadir='${datarootdir}'
datarootdir='${prefix}/share'
docdir='${datarootdir}/doc/${PACKAGE_TARNAME}'
dvidir='${docdir}'
exec_prefix='${prefix}'
host_alias=''
htmldir='${docdir}'
includedir='${prefix}/include'
infodir='${datarootdir}/info'
libdir='${exec_prefix}/lib'
libexecdir='${exec_prefix}/libexec'
localedir='${datarootdir}/locale'
localstatedir='${prefix}/var'
mandir='${datarootdir}/man'
oldincludedir='/usr/include'
pdfdir='${docdir}'
prefix='/usr/local'
program_transform_name='s,x,x,'
psdir='${docdir}'
runstatedir='${localstatedir}/run'
sbindir='${exec_prefix}/sbin'
sharedstatedir='${prefix}/com'
sysconfdir='${prefix}/etc'
target_alias=''

## ----------- ##
## confdefs.h. ##
## ----------- ##

/* confdefs.h */
#define PACKAGE_NAME "rocket-rocc-examples"
#define PACKAGE_TARNAME "rocket-rocc-examples"
#define PACKAGE_VERSION "0.1"
#define PACKAGE_STRING "rocket-rocc-examples 0.1"
#define PACKAGE_BUGREPORT "schuyler.eldridge@gmail.com"
#define PACKAGE_URL ""

configure: exit 0
